<story path="Thucydides/stories/consult_dictionary/DownloadCSVfile.story" title="">
<meta>
<property keyword="@" name="feature" value="Login and then Download"/>
</meta>
<scenario keyword="Scenario:" title="(1) Start to login the Openl10n site">
<step outcome="successful">Given Delete all cookies before start testing</step>
<step outcome="successful">When the user has opened the Openl10n webpage</step>
<step outcome="successful">Then the user enters username 15202184317@qq.com and password 123qwe!@#QWE to Openl10n login page</step>
<step outcome="successful">Then click the Login submit button of Openl10n Page</step>
<step outcome="successful">Then the Openl10n main page should be displayed</step>
</scenario>
<scenario keyword="Scenario:" title="(2) Download the CSV file for one specific product">
<step outcome="failed" keyword="FAILED">Then Get values from the parameters<failure>org.openqa.selenium.NoSuchElementException: no such element: Unable to locate element: {&quot;method&quot;:&quot;xpath&quot;,&quot;selector&quot;:&quot;/html/body/div/my-app/mf-apps/div/div[2]/mf-translation/div/div/div[1]/div[2]/ux-select/div/input&quot;}
  (Session info: chrome=67.0.3396.99)
  (Driver info: chromedriver=2.39.562718 (9a2698cba08cf5a471a29d30c8b3e12becabb0e9),platform=Windows NT 10.0.17134 x86_64) (WARNING: The server did not provide any stacktrace information)
Command duration or timeout: 63 milliseconds
For documentation on this error, please visit: http://seleniumhq.org/exceptions/no_such_element.html
Build info: version: &apos;2.42.2&apos;, revision: &apos;6a6995d31c7c56c340d6f45a76976d43506cd6cc&apos;, time: &apos;2014-06-03 10:52:47&apos;
System info: host: &apos;DESKTOP-TR0TOVN&apos;, ip: &apos;10.5.29.16&apos;, os.name: &apos;Windows 10&apos;, os.arch: &apos;amd64&apos;, os.version: &apos;10.0&apos;, java.version: &apos;1.8.0_171&apos;
Driver info: org.openqa.selenium.remote.RemoteWebDriver
Capabilities [{mobileEmulationEnabled=false, hasTouchScreen=false, platform=XP, acceptSslCerts=false, acceptInsecureCerts=false, webStorageEnabled=true, browserName=chrome, takesScreenshot=true, javascriptEnabled=true, setWindowRect=true, unexpectedAlertBehaviour=, applicationCacheEnabled=false, rotatable=false, networkConnectionEnabled=false, chrome={chromedriverVersion=2.39.562718 (9a2698cba08cf5a471a29d30c8b3e12becabb0e9), userDataDir=C:\Users\UX_DES~1\AppData\Local\Temp\scoped_dir16136_28162}, takesHeapSnapshot=true, pageLoadStrategy=normal, databaseEnabled=false, handlesAlerts=true, version=67.0.3396.99, browserConnectionEnabled=false, nativeEvents=true, webdriver.remote.sessionid=053de84b330de393d4ba555170ab7a27, locationContextEnabled=true, cssSelectorsEnabled=true}]
Session ID: 053de84b330de393d4ba555170ab7a27</failure></step>
<step outcome="notPerformed" keyword="NOT PERFORMED">Then click &apos;Download&apos; button</step>
<failure>org.openqa.selenium.NoSuchElementException: no such element: Unable to locate element: {&quot;method&quot;:&quot;xpath&quot;,&quot;selector&quot;:&quot;/html/body/div/my-app/mf-apps/div/div[2]/mf-translation/div/div/div[1]/div[2]/ux-select/div/input&quot;}
  (Session info: chrome=67.0.3396.99)
  (Driver info: chromedriver=2.39.562718 (9a2698cba08cf5a471a29d30c8b3e12becabb0e9),platform=Windows NT 10.0.17134 x86_64) (WARNING: The server did not provide any stacktrace information)
Command duration or timeout: 63 milliseconds
For documentation on this error, please visit: http://seleniumhq.org/exceptions/no_such_element.html
Build info: version: &apos;2.42.2&apos;, revision: &apos;6a6995d31c7c56c340d6f45a76976d43506cd6cc&apos;, time: &apos;2014-06-03 10:52:47&apos;
System info: host: &apos;DESKTOP-TR0TOVN&apos;, ip: &apos;10.5.29.16&apos;, os.name: &apos;Windows 10&apos;, os.arch: &apos;amd64&apos;, os.version: &apos;10.0&apos;, java.version: &apos;1.8.0_171&apos;
Driver info: org.openqa.selenium.remote.RemoteWebDriver
Capabilities [{mobileEmulationEnabled=false, hasTouchScreen=false, platform=XP, acceptSslCerts=false, acceptInsecureCerts=false, webStorageEnabled=true, browserName=chrome, takesScreenshot=true, javascriptEnabled=true, setWindowRect=true, unexpectedAlertBehaviour=, applicationCacheEnabled=false, rotatable=false, networkConnectionEnabled=false, chrome={chromedriverVersion=2.39.562718 (9a2698cba08cf5a471a29d30c8b3e12becabb0e9), userDataDir=C:\Users\UX_DES~1\AppData\Local\Temp\scoped_dir16136_28162}, takesHeapSnapshot=true, pageLoadStrategy=normal, databaseEnabled=false, handlesAlerts=true, version=67.0.3396.99, browserConnectionEnabled=false, nativeEvents=true, webdriver.remote.sessionid=053de84b330de393d4ba555170ab7a27, locationContextEnabled=true, cssSelectorsEnabled=true}]
Session ID: 053de84b330de393d4ba555170ab7a27
	(reflection-construct)
	at org.openqa.selenium.remote.ErrorHandler.createThrowable(ErrorHandler.java:204)
	at org.openqa.selenium.remote.ErrorHandler.throwIfResponseFailed(ErrorHandler.java:156)
	at org.openqa.selenium.remote.RemoteWebDriver.execute(RemoteWebDriver.java:599)
	at org.openqa.selenium.remote.RemoteWebDriver.findElement(RemoteWebDriver.java:352)
	at org.openqa.selenium.remote.RemoteWebDriver.findElementByXPath(RemoteWebDriver.java:449)
	at org.openqa.selenium.By$ByXPath.findElement(By.java:357)
	at org.openqa.selenium.remote.RemoteWebDriver.findElement(RemoteWebDriver.java:344)
	(reflection-invoke)
	at org.openqa.selenium.remote.Augmenter$CompoundHandler.intercept(Augmenter.java:191)
	at org.openqa.selenium.remote.RemoteWebDriver$$EnhancerByCGLIB$$5165f376.findElement(&lt;generated&gt;)
	at net.thucydides.core.webdriver.WebDriverFacade.findElement(WebDriverFacade.java:169)
	at net.thucydides.core.pages.PageObject.element(PageObject.java:792)
	at net.thucydides.core.pages.PageObject.find(PageObject.java:797)
	at Thucydides.pages.DownloadCSVfilePage.DownCsvFile(DownloadCSVfilePage.java:66)
	at Thucydides.steps.DownloadCSVfileSteps.StartDownCsv(DownloadCSVfileSteps.java:37)
	at Thucydides.steps.DownloadCSVfileSteps$$EnhancerByCGLIB$$4000d1af.CGLIB$StartDownCsv$4(&lt;generated&gt;)
	at Thucydides.steps.DownloadCSVfileSteps$$EnhancerByCGLIB$$4000d1af$$FastClassByCGLIB$$7f798448.invoke(&lt;generated&gt;)
	at net.sf.cglib.proxy.MethodProxy.invokeSuper(MethodProxy.java:228)
	at net.thucydides.core.steps.StepInterceptor.invokeMethod(StepInterceptor.java:300)
	at net.thucydides.core.steps.StepInterceptor.executeTestStepMethod(StepInterceptor.java:285)
	at net.thucydides.core.steps.StepInterceptor.runTestStep(StepInterceptor.java:261)
	at net.thucydides.core.steps.StepInterceptor.testStepResult(StepInterceptor.java:125)
	at net.thucydides.core.steps.StepInterceptor.intercept(StepInterceptor.java:51)
	at Thucydides.steps.DownloadCSVfileSteps$$EnhancerByCGLIB$$4000d1af.StartDownCsv(&lt;generated&gt;)
	at Thucydides.jbehave.DownloadCSVfile.StartDownCsv(DownloadCSVfile.java:43)
	(reflection-invoke)
	at org.jbehave.core.steps.StepCreator$ParametrisedStep.perform(StepCreator.java:595)
	at org.jbehave.core.embedder.StoryRunner$FineSoFar.run(StoryRunner.java:535)
...</failure>
</scenario>
</story>
