<html>
<head>
<title>Thucydides.stories.consult_dictionary.DownloadCSVfile</title>
<style type="text/css" media="all">
@import url( "./style/jbehave-core.css" );
</style>
</head>
<body>
<div class="story">
<h1></h1>
<div class="path">Thucydides/stories/consult_dictionary/DownloadCSVfile.story</div>
<div class="meta">
<div class="keyword">Meta:</div>
<div class="property">@feature Login and then Download</div>
</div>
<div class="scenario">
<h2>Scenario: (1) Start to login the Openl10n site</h2>
<div class="step successful">Given Delete all cookies before start testing</div>
<div class="step successful">When the user has opened the Openl10n webpage</div>
<div class="step successful">Then the user enters username 15202184317@qq.com and password 123qwe!@#QWE to Openl10n login page</div>
<div class="step successful">Then click the Login submit button of Openl10n Page</div>
<div class="step successful">Then the Openl10n main page should be displayed</div>
</div>
<div class="scenario">
<h2>Scenario: (2) Download the CSV file for one specific product</h2>
<div class="step failed">Then Get values from the parameters <span class="keyword failed">(FAILED)</span><br/><span class="message failed">org.openqa.selenium.NoSuchElementException: no such element: Unable to locate element: {&quot;method&quot;:&quot;xpath&quot;,&quot;selector&quot;:&quot;/html/body/div/my-app/mf-apps/div/div[2]/mf-translation/div/div/div[1]/div[2]/ux-select/div/input&quot;}
  (Session info: chrome=67.0.3396.99)
  (Driver info: chromedriver=2.39.562718 (9a2698cba08cf5a471a29d30c8b3e12becabb0e9),platform=Windows NT 10.0.17134 x86_64) (WARNING: The server did not provide any stacktrace information)
Command duration or timeout: 63 milliseconds
For documentation on this error, please visit: http://seleniumhq.org/exceptions/no_such_element.html
Build info: version: '2.42.2', revision: '6a6995d31c7c56c340d6f45a76976d43506cd6cc', time: '2014-06-03 10:52:47'
System info: host: 'DESKTOP-TR0TOVN', ip: '10.5.29.16', os.name: 'Windows 10', os.arch: 'amd64', os.version: '10.0', java.version: '1.8.0_171'
Driver info: org.openqa.selenium.remote.RemoteWebDriver
Capabilities [{mobileEmulationEnabled=false, hasTouchScreen=false, platform=XP, acceptSslCerts=false, acceptInsecureCerts=false, webStorageEnabled=true, browserName=chrome, takesScreenshot=true, javascriptEnabled=true, setWindowRect=true, unexpectedAlertBehaviour=, applicationCacheEnabled=false, rotatable=false, networkConnectionEnabled=false, chrome={chromedriverVersion=2.39.562718 (9a2698cba08cf5a471a29d30c8b3e12becabb0e9), userDataDir=C:\Users\UX_DES~1\AppData\Local\Temp\scoped_dir16136_28162}, takesHeapSnapshot=true, pageLoadStrategy=normal, databaseEnabled=false, handlesAlerts=true, version=67.0.3396.99, browserConnectionEnabled=false, nativeEvents=true, webdriver.remote.sessionid=053de84b330de393d4ba555170ab7a27, locationContextEnabled=true, cssSelectorsEnabled=true}]
Session ID: 053de84b330de393d4ba555170ab7a27</span></div>
<div class="step notPerformed">Then click 'Download' button <span class="keyword notPerformed">(NOT PERFORMED)</span></div>
<pre class="failure">org.openqa.selenium.NoSuchElementException: no such element: Unable to locate element: {&quot;method&quot;:&quot;xpath&quot;,&quot;selector&quot;:&quot;/html/body/div/my-app/mf-apps/div/div[2]/mf-translation/div/div/div[1]/div[2]/ux-select/div/input&quot;}
  (Session info: chrome=67.0.3396.99)
  (Driver info: chromedriver=2.39.562718 (9a2698cba08cf5a471a29d30c8b3e12becabb0e9),platform=Windows NT 10.0.17134 x86_64) (WARNING: The server did not provide any stacktrace information)
Command duration or timeout: 63 milliseconds
For documentation on this error, please visit: http://seleniumhq.org/exceptions/no_such_element.html
Build info: version: '2.42.2', revision: '6a6995d31c7c56c340d6f45a76976d43506cd6cc', time: '2014-06-03 10:52:47'
System info: host: 'DESKTOP-TR0TOVN', ip: '10.5.29.16', os.name: 'Windows 10', os.arch: 'amd64', os.version: '10.0', java.version: '1.8.0_171'
Driver info: org.openqa.selenium.remote.RemoteWebDriver
Capabilities [{mobileEmulationEnabled=false, hasTouchScreen=false, platform=XP, acceptSslCerts=false, acceptInsecureCerts=false, webStorageEnabled=true, browserName=chrome, takesScreenshot=true, javascriptEnabled=true, setWindowRect=true, unexpectedAlertBehaviour=, applicationCacheEnabled=false, rotatable=false, networkConnectionEnabled=false, chrome={chromedriverVersion=2.39.562718 (9a2698cba08cf5a471a29d30c8b3e12becabb0e9), userDataDir=C:\Users\UX_DES~1\AppData\Local\Temp\scoped_dir16136_28162}, takesHeapSnapshot=true, pageLoadStrategy=normal, databaseEnabled=false, handlesAlerts=true, version=67.0.3396.99, browserConnectionEnabled=false, nativeEvents=true, webdriver.remote.sessionid=053de84b330de393d4ba555170ab7a27, locationContextEnabled=true, cssSelectorsEnabled=true}]
Session ID: 053de84b330de393d4ba555170ab7a27
	(reflection-construct)
	at org.openqa.selenium.remote.ErrorHandler.createThrowable(ErrorHandler.java:204)
	at org.openqa.selenium.remote.ErrorHandler.throwIfResponseFailed(ErrorHandler.java:156)
	at org.openqa.selenium.remote.RemoteWebDriver.execute(RemoteWebDriver.java:599)
	at org.openqa.selenium.remote.RemoteWebDriver.findElement(RemoteWebDriver.java:352)
	at org.openqa.selenium.remote.RemoteWebDriver.findElementByXPath(RemoteWebDriver.java:449)
	at org.openqa.selenium.By$ByXPath.findElement(By.java:357)
	at org.openqa.selenium.remote.RemoteWebDriver.findElement(RemoteWebDriver.java:344)
	(reflection-invoke)
	at org.openqa.selenium.remote.Augmenter$CompoundHandler.intercept(Augmenter.java:191)
	at org.openqa.selenium.remote.RemoteWebDriver$$EnhancerByCGLIB$$5165f376.findElement(&lt;generated&gt;)
	at net.thucydides.core.webdriver.WebDriverFacade.findElement(WebDriverFacade.java:169)
	at net.thucydides.core.pages.PageObject.element(PageObject.java:792)
	at net.thucydides.core.pages.PageObject.find(PageObject.java:797)
	at Thucydides.pages.DownloadCSVfilePage.DownCsvFile(DownloadCSVfilePage.java:66)
	at Thucydides.steps.DownloadCSVfileSteps.StartDownCsv(DownloadCSVfileSteps.java:37)
	at Thucydides.steps.DownloadCSVfileSteps$$EnhancerByCGLIB$$4000d1af.CGLIB$StartDownCsv$4(&lt;generated&gt;)
	at Thucydides.steps.DownloadCSVfileSteps$$EnhancerByCGLIB$$4000d1af$$FastClassByCGLIB$$7f798448.invoke(&lt;generated&gt;)
	at net.sf.cglib.proxy.MethodProxy.invokeSuper(MethodProxy.java:228)
	at net.thucydides.core.steps.StepInterceptor.invokeMethod(StepInterceptor.java:300)
	at net.thucydides.core.steps.StepInterceptor.executeTestStepMethod(StepInterceptor.java:285)
	at net.thucydides.core.steps.StepInterceptor.runTestStep(StepInterceptor.java:261)
	at net.thucydides.core.steps.StepInterceptor.testStepResult(StepInterceptor.java:125)
	at net.thucydides.core.steps.StepInterceptor.intercept(StepInterceptor.java:51)
	at Thucydides.steps.DownloadCSVfileSteps$$EnhancerByCGLIB$$4000d1af.StartDownCsv(&lt;generated&gt;)
	at Thucydides.jbehave.DownloadCSVfile.StartDownCsv(DownloadCSVfile.java:43)
	(reflection-invoke)
	at org.jbehave.core.steps.StepCreator$ParametrisedStep.perform(StepCreator.java:595)
	at org.jbehave.core.embedder.StoryRunner$FineSoFar.run(StoryRunner.java:535)
...</pre>
</div>
</div>

</body>
<!--  SyntaxHighlighter resources:  should be included at end of body -->
<link rel="stylesheet" type="text/css" href="./style/sh-3.0.83/shCore.css"/>
<link rel="stylesheet" type="text/css" href="./style/sh-3.0.83/shThemeRDark.css"/>
<script language="javascript" src="./js/sh-3.0.83/shCore.js"></script>
<script language="javascript" src="./js/sh-3.0.83/shBrushBash.js"></script>
<script language="javascript" src="./js/sh-3.0.83/shBrushCss.js"></script>
<script language="javascript" src="./js/sh-3.0.83/shBrushDiff.js"></script>
<script language="javascript" src="./js/sh-3.0.83/shBrushGroovy.js"></script>
<script language="javascript" src="./js/sh-3.0.83/shBrushJava.js"></script>
<script language="javascript" src="./js/sh-3.0.83/shBrushJScript.js"></script>
<script language="javascript" src="./js/sh-3.0.83/shBrushPlain.js"></script>
<script language="javascript" src="./js/sh-3.0.83/shBrushPython.js"></script>
<script language="javascript" src="./js/sh-3.0.83/shBrushRuby.js"></script>
<script language="javascript" src="./js/sh-3.0.83/shBrushScala.js"></script>
<script language="javascript" src="./js/sh-3.0.83/shBrushXml.js"></script>
<script language="javascript" src="./js/shBrushBdd.js"></script>
<script type="text/javascript">
    SyntaxHighlighter.defaults['gutter'] = false;
    SyntaxHighlighter.defaults['toolbar'] = false;    
    SyntaxHighlighter.all();
</script>
</html>
