<?xml version="1.0" encoding="UTF-8" ?>
<testsuite tests="10" failures="0" name="Thucydides.jbehave.Openl10nAcceptanceTestSuite" time="59.358" errors="1" skipped="1">
  <properties>
    <property name="java.runtime.name" value="Java(TM) SE Runtime Environment"/>
    <property name="sun.boot.library.path" value="C:\Program Files\Java\jdk1.8.0_171\jre\bin"/>
    <property name="java.vm.version" value="25.171-b11"/>
    <property name="java.vm.vendor" value="Oracle Corporation"/>
    <property name="maven.multiModuleProjectDirectory" value="C:\Users\UX_Design\Desktop\backup\[MavenProject__0.9.200]\MyThucydidesReport"/>
    <property name="java.vendor.url" value="http://java.oracle.com/"/>
    <property name="path.separator" value=";"/>
    <property name="guice.disable.misplaced.annotation.check" value="true"/>
    <property name="java.vm.name" value="Java HotSpot(TM) 64-Bit Server VM"/>
    <property name="file.encoding.pkg" value="sun.io"/>
    <property name="user.script" value=""/>
    <property name="user.country" value="CN"/>
    <property name="sun.java.launcher" value="SUN_STANDARD"/>
    <property name="sun.os.patch.level" value=""/>
    <property name="java.vm.specification.name" value="Java Virtual Machine Specification"/>
    <property name="user.dir" value="C:\Users\UX_Design\Desktop\backup\[MavenProject__0.9.200]\MyThucydidesReport"/>
    <property name="webdriver.driver" value="remote"/>
    <property name="java.runtime.version" value="1.8.0_171-b11"/>
    <property name="java.awt.graphicsenv" value="sun.awt.Win32GraphicsEnvironment"/>
    <property name="java.endorsed.dirs" value="C:\Program Files\Java\jdk1.8.0_171\jre\lib\endorsed"/>
    <property name="os.arch" value="amd64"/>
    <property name="java.io.tmpdir" value="C:\Users\UX_DES~1\AppData\Local\Temp\"/>
    <property name="line.separator" value="
"/>
    <property name="java.vm.specification.vendor" value="Oracle Corporation"/>
    <property name="user.variant" value=""/>
    <property name="os.name" value="Windows 10"/>
    <property name="classworlds.conf" value="C:\Users\UX_Design\Desktop\backup\[MavenProject__0.9.200]\.metadata\.plugins\org.eclipse.m2e.launching\launches\m2conf5988959064311206372.tmp"/>
    <property name="sun.jnu.encoding" value="GBK"/>
    <property name="java.library.path" value="C:\Program Files\Java\jdk1.8.0_171\bin;C:\WINDOWS\Sun\Java\bin;C:\WINDOWS\system32;C:\WINDOWS;C:/Users/UX_Design/Desktop/1/BaiduYunDown/eclipse-java-oxygen-R-win32-x86_64/eclipse/jre/bin/server;C:/Users/UX_Design/Desktop/1/BaiduYunDown/eclipse-java-oxygen-R-win32-x86_64/eclipse/jre/bin;C:/Users/UX_Design/Desktop/1/BaiduYunDown/eclipse-java-oxygen-R-win32-x86_64/eclipse/jre/lib/amd64;C:\Program Files (x86)\Common Files\Oracle\Java\javapath;C:\ProgramData\Oracle\Java\javapath;C:\Program Files (x86)\Intel\iCLS Client\;C:\Program Files\Intel\iCLS Client\;C:\WINDOWS\system32;C:\WINDOWS;C:\WINDOWS\System32\Wbem;C:\WINDOWS\System32\WindowsPowerShell\v1.0\;C:\Program Files (x86)\Intel\Intel(R) Management Engine Components\DAL;C:\Program Files\Intel\Intel(R) Management Engine Components\DAL;C:\Program Files (x86)\Intel\Intel(R) Management Engine Components\IPT;C:\Program Files\Intel\Intel(R) Management Engine Components\IPT;C:\Program Files\Java\jdk1.8.0_144;C:\WINDOWS\System32\OpenSSH\;C:\apache-maven-3.5.3\bin;C:\_PersonalInstall\Git\cmd;C:\_PersonalInstall\Git;C:\_PersonalInstall\Git\bin;%M2_HOME%\bin;C:\apache-maven-3.5.3\bin;C:\Program Files\Java\jdk1.8.0_171\bin;C:\Program Files\Java\jre1.8.0_171\bin;C:\mvn_repo;C:\Users\UX_Design\Desktop\Grid;C:\Users\UX_Design\Desktop\1\PythonInstall\Python36\Scripts\;C:\Users\UX_Design\Desktop\1\PythonInstall\Python36\;C:\Users\UX_Design\AppData\Local\Microsoft\WindowsApps;C:\Program Files\Microsoft VS Code\bin;C:\Users\UX_Design\AppData\Local\GitHubDesktop\bin;C:\_PersonalInstall\Jar2Exe Wizard\;C:\Users\UX_Design\Desktop\1\BaiduYunDown\eclipse-java-oxygen-R-win32-x86_64\eclipse;;."/>
    <property name="story.names" value="consult_dictionary/*;"/>
    <property name="java.specification.name" value="Java Platform API Specification"/>
    <property name="java.class.version" value="52.0"/>
    <property name="sun.management.compiler" value="HotSpot 64-Bit Tiered Compilers"/>
    <property name="maven.test.failure.ignore" value="true"/>
    <property name="webdriver.remote.driver" value="chrome"/>
    <property name="os.version" value="10.0"/>
    <property name="story.timeout.in.secs" value="3000000"/>
    <property name="user.home" value="C:\Users\UX_Design"/>
    <property name="user.timezone" value="Asia/Shanghai"/>
    <property name="java.awt.printerjob" value="sun.awt.windows.WPrinterJob"/>
    <property name="java.specification.version" value="1.8"/>
    <property name="file.encoding" value="GBK"/>
    <property name="user.name" value="UX_Design"/>
    <property name="java.class.path" value="C:\apache-maven-3.5.3\boot\plexus-classworlds-2.5.2.jar"/>
    <property name="webdriver.remote.url" value="http://localhost:4444/wd/hub"/>
    <property name="failIfNoTests" value="false"/>
    <property name="java.vm.specification.version" value="1.8"/>
    <property name="sun.arch.data.model" value="64"/>
    <property name="java.home" value="C:\Program Files\Java\jdk1.8.0_171\jre"/>
    <property name="sun.java.command" value="org.codehaus.plexus.classworlds.launcher.Launcher -B -gs C:\apache-maven-3.5.3\conf\settings.xml clean verify thucydides:aggregate --fail-never -Dstory.names=consult_dictionary/*; -DfailIfNoTests=false -Dmaven.test.failure.ignore=true -Dwebdriver.driver=remote -Dwebdriver.remote.url=http://localhost:4444/wd/hub -Dwebdriver.remote.driver=chrome -Dstory.timeout.in.secs=3000000"/>
    <property name="java.specification.vendor" value="Oracle Corporation"/>
    <property name="user.language" value="zh"/>
    <property name="awt.toolkit" value="sun.awt.windows.WToolkit"/>
    <property name="java.vm.info" value="mixed mode"/>
    <property name="java.version" value="1.8.0_171"/>
    <property name="java.ext.dirs" value="C:\Program Files\Java\jdk1.8.0_171\jre\lib\ext;C:\WINDOWS\Sun\Java\lib\ext"/>
    <property name="sun.boot.class.path" value="C:\Program Files\Java\jdk1.8.0_171\jre\lib\resources.jar;C:\Program Files\Java\jdk1.8.0_171\jre\lib\rt.jar;C:\Program Files\Java\jdk1.8.0_171\jre\lib\sunrsasign.jar;C:\Program Files\Java\jdk1.8.0_171\jre\lib\jsse.jar;C:\Program Files\Java\jdk1.8.0_171\jre\lib\jce.jar;C:\Program Files\Java\jdk1.8.0_171\jre\lib\charsets.jar;C:\Program Files\Java\jdk1.8.0_171\jre\lib\jfr.jar;C:\Program Files\Java\jdk1.8.0_171\jre\classes"/>
    <property name="java.vendor" value="Oracle Corporation"/>
    <property name="maven.home" value="C:\apache-maven-3.5.3"/>
    <property name="file.separator" value="\"/>
    <property name="java.vendor.url.bug" value="http://bugreport.sun.com/bugreport/"/>
    <property name="sun.cpu.endian" value="little"/>
    <property name="sun.io.unicode.encoding" value="UnicodeLittle"/>
    <property name="sun.desktop" value="windows"/>
    <property name="sun.cpu.isalist" value="amd64"/>
  </properties>
  <testcase classname="java.lang.Object" name="BeforeStories" time="0.022"/>
  <testcase classname="Thucydides.jbehave.DownloadCSVfile" name="Given Delete all cookies before start testing" time="5.337"/>
  <testcase classname="Thucydides.jbehave.DownloadCSVfile" name="When the user has opened the Openl10n webpage" time="18.537"/>
  <testcase classname="Thucydides.jbehave.DownloadCSVfile" name="Then the user enters username 15202184317@qq.com and password 123qwe!@#QWE to Openl10n login page" time="1.685"/>
  <testcase classname="Thucydides.jbehave.DownloadCSVfile" name="Then click the Login submit button of Openl10n Page" time="14.786"/>
  <testcase classname="Thucydides.jbehave.DownloadCSVfile" name="Then the Openl10n main page should be displayed" time="3.885"/>
  <testcase classname="Scenario: |1| Start to login the Openl10n site" name="Scenario: |1| Start to login the Openl10n site" time="4.143"/>
  <testcase classname="Thucydides.jbehave.DownloadCSVfile" name="Then Get values from the parameters" time="7.628">
    <error message="no such element: Unable to locate element: {&quot;method&quot;:&quot;xpath&quot;,&quot;selector&quot;:&quot;/html/body/div/my-app/mf-apps/div/div[2]/mf-translation/div/div/div[1]/div[2]/ux-select/div/input&quot;}
  (Session info: chrome=67.0.3396.99)
  (Driver info: chromedriver=2.39.562718 (9a2698cba08cf5a471a29d30c8b3e12becabb0e9),platform=Windows NT 10.0.17134 x86_64) (WARNING: The server did not provide any stacktrace information)
Command duration or timeout: 63 milliseconds
For documentation on this error, please visit: http://seleniumhq.org/exceptions/no_such_element.html
Build info: version: &apos;2.42.2&apos;, revision: &apos;6a6995d31c7c56c340d6f45a76976d43506cd6cc&apos;, time: &apos;2014-06-03 10:52:47&apos;
System info: host: &apos;DESKTOP-TR0TOVN&apos;, ip: &apos;10.5.29.16&apos;, os.name: &apos;Windows 10&apos;, os.arch: &apos;amd64&apos;, os.version: &apos;10.0&apos;, java.version: &apos;1.8.0_171&apos;
Driver info: org.openqa.selenium.remote.RemoteWebDriver
Capabilities [{mobileEmulationEnabled=false, hasTouchScreen=false, platform=XP, acceptSslCerts=false, acceptInsecureCerts=false, webStorageEnabled=true, browserName=chrome, takesScreenshot=true, javascriptEnabled=true, setWindowRect=true, unexpectedAlertBehaviour=, applicationCacheEnabled=false, rotatable=false, networkConnectionEnabled=false, chrome={chromedriverVersion=2.39.562718 (9a2698cba08cf5a471a29d30c8b3e12becabb0e9), userDataDir=C:\Users\UX_DES~1\AppData\Local\Temp\scoped_dir16136_28162}, takesHeapSnapshot=true, pageLoadStrategy=normal, databaseEnabled=false, handlesAlerts=true, version=67.0.3396.99, browserConnectionEnabled=false, nativeEvents=true, webdriver.remote.sessionid=053de84b330de393d4ba555170ab7a27, locationContextEnabled=true, cssSelectorsEnabled=true}]
Session ID: 053de84b330de393d4ba555170ab7a27" type="org.openqa.selenium.NoSuchElementException">org.openqa.selenium.NoSuchElementException: no such element: Unable to locate element: {&quot;method&quot;:&quot;xpath&quot;,&quot;selector&quot;:&quot;/html/body/div/my-app/mf-apps/div/div[2]/mf-translation/div/div/div[1]/div[2]/ux-select/div/input&quot;}
  (Session info: chrome=67.0.3396.99)
  (Driver info: chromedriver=2.39.562718 (9a2698cba08cf5a471a29d30c8b3e12becabb0e9),platform=Windows NT 10.0.17134 x86_64) (WARNING: The server did not provide any stacktrace information)
Command duration or timeout: 63 milliseconds
For documentation on this error, please visit: http://seleniumhq.org/exceptions/no_such_element.html
Build info: version: &apos;2.42.2&apos;, revision: &apos;6a6995d31c7c56c340d6f45a76976d43506cd6cc&apos;, time: &apos;2014-06-03 10:52:47&apos;
System info: host: &apos;DESKTOP-TR0TOVN&apos;, ip: &apos;10.5.29.16&apos;, os.name: &apos;Windows 10&apos;, os.arch: &apos;amd64&apos;, os.version: &apos;10.0&apos;, java.version: &apos;1.8.0_171&apos;
Driver info: org.openqa.selenium.remote.RemoteWebDriver
Capabilities [{mobileEmulationEnabled=false, hasTouchScreen=false, platform=XP, acceptSslCerts=false, acceptInsecureCerts=false, webStorageEnabled=true, browserName=chrome, takesScreenshot=true, javascriptEnabled=true, setWindowRect=true, unexpectedAlertBehaviour=, applicationCacheEnabled=false, rotatable=false, networkConnectionEnabled=false, chrome={chromedriverVersion=2.39.562718 (9a2698cba08cf5a471a29d30c8b3e12becabb0e9), userDataDir=C:\Users\UX_DES~1\AppData\Local\Temp\scoped_dir16136_28162}, takesHeapSnapshot=true, pageLoadStrategy=normal, databaseEnabled=false, handlesAlerts=true, version=67.0.3396.99, browserConnectionEnabled=false, nativeEvents=true, webdriver.remote.sessionid=053de84b330de393d4ba555170ab7a27, locationContextEnabled=true, cssSelectorsEnabled=true}]
Session ID: 053de84b330de393d4ba555170ab7a27
	at sun.reflect.NativeConstructorAccessorImpl.newInstance0(Native Method)
	at sun.reflect.NativeConstructorAccessorImpl.newInstance(NativeConstructorAccessorImpl.java:62)
	at sun.reflect.DelegatingConstructorAccessorImpl.newInstance(DelegatingConstructorAccessorImpl.java:45)
	at java.lang.reflect.Constructor.newInstance(Constructor.java:423)
	at org.openqa.selenium.remote.ErrorHandler.createThrowable(ErrorHandler.java:204)
	at org.openqa.selenium.remote.ErrorHandler.throwIfResponseFailed(ErrorHandler.java:156)
	at org.openqa.selenium.remote.RemoteWebDriver.execute(RemoteWebDriver.java:599)
	at org.openqa.selenium.remote.RemoteWebDriver.findElement(RemoteWebDriver.java:352)
	at org.openqa.selenium.remote.RemoteWebDriver.findElementByXPath(RemoteWebDriver.java:449)
	at org.openqa.selenium.By$ByXPath.findElement(By.java:357)
	at org.openqa.selenium.remote.RemoteWebDriver.findElement(RemoteWebDriver.java:344)
	at sun.reflect.NativeMethodAccessorImpl.invoke0(Native Method)
	at sun.reflect.NativeMethodAccessorImpl.invoke(NativeMethodAccessorImpl.java:62)
	at sun.reflect.DelegatingMethodAccessorImpl.invoke(DelegatingMethodAccessorImpl.java:43)
	at java.lang.reflect.Method.invoke(Method.java:498)
	at org.openqa.selenium.remote.Augmenter$CompoundHandler.intercept(Augmenter.java:191)
	at org.openqa.selenium.remote.RemoteWebDriver$$EnhancerByCGLIB$$5165f376.findElement(&lt;generated&gt;)
	at net.thucydides.core.webdriver.WebDriverFacade.findElement(WebDriverFacade.java:169)
	at net.thucydides.core.pages.PageObject.element(PageObject.java:792)
	at net.thucydides.core.pages.PageObject.find(PageObject.java:797)
	at Thucydides.pages.DownloadCSVfilePage.DownCsvFile(DownloadCSVfilePage.java:66)
	at Thucydides.steps.DownloadCSVfileSteps.StartDownCsv(DownloadCSVfileSteps.java:37)
	at Thucydides.steps.DownloadCSVfileSteps$$EnhancerByCGLIB$$4000d1af.CGLIB$StartDownCsv$4(&lt;generated&gt;)
	at Thucydides.steps.DownloadCSVfileSteps$$EnhancerByCGLIB$$4000d1af$$FastClassByCGLIB$$7f798448.invoke(&lt;generated&gt;)
	at net.sf.cglib.proxy.MethodProxy.invokeSuper(MethodProxy.java:228)
	at net.thucydides.core.steps.StepInterceptor.invokeMethod(StepInterceptor.java:300)
	at net.thucydides.core.steps.StepInterceptor.executeTestStepMethod(StepInterceptor.java:285)
	at net.thucydides.core.steps.StepInterceptor.runTestStep(StepInterceptor.java:261)
	at net.thucydides.core.steps.StepInterceptor.testStepResult(StepInterceptor.java:125)
	at net.thucydides.core.steps.StepInterceptor.intercept(StepInterceptor.java:51)
	at Thucydides.steps.DownloadCSVfileSteps$$EnhancerByCGLIB$$4000d1af.StartDownCsv(&lt;generated&gt;)
	at Thucydides.jbehave.DownloadCSVfile.StartDownCsv(DownloadCSVfile.java:43)
	at sun.reflect.NativeMethodAccessorImpl.invoke0(Native Method)
	at sun.reflect.NativeMethodAccessorImpl.invoke(NativeMethodAccessorImpl.java:62)
	at sun.reflect.DelegatingMethodAccessorImpl.invoke(DelegatingMethodAccessorImpl.java:43)
	at java.lang.reflect.Method.invoke(Method.java:498)
	at org.jbehave.core.steps.StepCreator$ParametrisedStep.perform(StepCreator.java:595)
	at org.jbehave.core.embedder.StoryRunner$FineSoFar.run(StoryRunner.java:535)
	at org.jbehave.core.embedder.StoryRunner.runStepsWhileKeepingState(StoryRunner.java:515)
	at org.jbehave.core.embedder.StoryRunner.runScenarioSteps(StoryRunner.java:479)
	at org.jbehave.core.embedder.StoryRunner.runStepsWithLifecycle(StoryRunner.java:445)
	at org.jbehave.core.embedder.StoryRunner.runCancellable(StoryRunner.java:305)
	at org.jbehave.core.embedder.StoryRunner.run(StoryRunner.java:220)
	at org.jbehave.core.embedder.StoryRunner.run(StoryRunner.java:181)
	at org.jbehave.core.embedder.StoryManager$EnqueuedStory.call(StoryManager.java:235)
	at org.jbehave.core.embedder.StoryManager$EnqueuedStory.call(StoryManager.java:207)
	at java.util.concurrent.FutureTask.run(FutureTask.java:266)
	at java.util.concurrent.ThreadPoolExecutor.runWorker(ThreadPoolExecutor.java:1149)
	at java.util.concurrent.ThreadPoolExecutor$Worker.run(ThreadPoolExecutor.java:624)
	at java.lang.Thread.run(Thread.java:748)
</error>
    <system-out>Scenario: (2) Download the CSV file for one specific product
----→Open L10N←----
----→Administration←----
----→15202184317@qq.com←----
----→Logout←----
----→←----
----→←----
----→←----
----→Translation←----
----→←----
----→Download←----
----→CMS←----
----→OMi←----
----→OO←----
----→Octane←----
----→PPM←----
----→SMA-X←----
----→No results←----
----→No results←----
################# 18 #################
The current UserProduct is: null.

Then Get values from the parameters (FAILED)
(org.openqa.selenium.NoSuchElementException: no such element: Unable to locate element: {&quot;method&quot;:&quot;xpath&quot;,&quot;selector&quot;:&quot;/html/body/div/my-app/mf-apps/div/div[2]/mf-translation/div/div/div[1]/div[2]/ux-select/div/input&quot;}
  (Session info: chrome=67.0.3396.99)
  (Driver info: chromedriver=2.39.562718 (9a2698cba08cf5a471a29d30c8b3e12becabb0e9),platform=Windows NT 10.0.17134 x86_64) (WARNING: The server did not provide any stacktrace information)
Command duration or timeout: 63 milliseconds
For documentation on this error, please visit: http://seleniumhq.org/exceptions/no_such_element.html
Build info: version: &apos;2.42.2&apos;, revision: &apos;6a6995d31c7c56c340d6f45a76976d43506cd6cc&apos;, time: &apos;2014-06-03 10:52:47&apos;
System info: host: &apos;DESKTOP-TR0TOVN&apos;, ip: &apos;10.5.29.16&apos;, os.name: &apos;Windows 10&apos;, os.arch: &apos;amd64&apos;, os.version: &apos;10.0&apos;, java.version: &apos;1.8.0_171&apos;
Driver info: org.openqa.selenium.remote.RemoteWebDriver
Capabilities [{mobileEmulationEnabled=false, hasTouchScreen=false, platform=XP, acceptSslCerts=false, acceptInsecureCerts=false, webStorageEnabled=true, browserName=chrome, takesScreenshot=true, javascriptEnabled=true, setWindowRect=true, unexpectedAlertBehaviour=, applicationCacheEnabled=false, rotatable=false, networkConnectionEnabled=false, chrome={chromedriverVersion=2.39.562718 (9a2698cba08cf5a471a29d30c8b3e12becabb0e9), userDataDir=C:\Users\UX_DES~1\AppData\Local\Temp\scoped_dir16136_28162}, takesHeapSnapshot=true, pageLoadStrategy=normal, databaseEnabled=false, handlesAlerts=true, version=67.0.3396.99, browserConnectionEnabled=false, nativeEvents=true, webdriver.remote.sessionid=053de84b330de393d4ba555170ab7a27, locationContextEnabled=true, cssSelectorsEnabled=true}]
Session ID: 053de84b330de393d4ba555170ab7a27)
</system-out>
    <system-err>46697 [pool-1-thread-1] INFO net.thucydides.core.Thucydides - 
  _____ _____ ____ _____   ____ _____  _    ____ _____ _____ ____  
 |_   _| ____/ ___|_   _| / ___|_   _|/ \  |  _ \_   _| ____|  _ \ 
   | | |  _| \___ \ | |   \___ \ | | / _ \ | |_) || | |  _| | | | |
   | | | |___ ___) || |    ___) || |/ ___ \|  _ &lt; | | | |___| |_| |
   |_| |_____|____/ |_|   |____/ |_/_/   \_\_| \_\|_| |_____|____/ 
                                                                   

TEST STARTED: (2) Download the CSV file for one specific product
--------------------------------------------------------------------
47267 [pool-1-thread-1] INFO net.thucydides.core.steps.StepInterceptor - STARTING STEP: StartDownCsv
</system-err>
  </testcase>
  <testcase classname="Thucydides.jbehave.DownloadCSVfile" name="Then click \&apos;Download\&apos; button" time="7.9">
    <skipped/>
  </testcase>
  <testcase classname="java.lang.Object" name="AfterStories" time="3.504"/>
</testsuite>